2019-02-04 11:36:05.085  INFO 12040 --- [main] c.b.c.m.eurekaServer.EurekaServerApp     : No active profile set, falling back to default profiles: default
2019-02-04 11:36:06.421  WARN 12040 --- [main] o.s.boot.actuate.endpoint.EndpointId     : Endpoint ID 'service-registry' contains invalid characters, please migrate to a valid format.
2019-02-04 11:36:06.957  INFO 12040 --- [main] o.s.cloud.context.scope.GenericScope     : BeanFactory id=2dd1350f-346e-3c25-974f-d64ee5fb0c3a
2019-02-04 11:36:07.102  INFO 12040 --- [main] trationDelegate$BeanPostProcessorChecker : Bean 'org.springframework.cloud.autoconfigure.ConfigurationPropertiesRebinderAutoConfiguration' of type [org.springframework.cloud.autoconfigure.ConfigurationPropertiesRebinderAutoConfiguration$$EnhancerBySpringCGLIB$$ccfccb51] is not eligible for getting processed by all BeanPostProcessors (for example: not eligible for auto-proxying)
2019-02-04 11:36:07.650  INFO 12040 --- [main] o.s.b.w.embedded.tomcat.TomcatWebServer  : Tomcat initialized with port(s): 8761 (http)
2019-02-04 11:36:07.702  INFO 12040 --- [main] o.apache.catalina.core.StandardService   : Starting service [Tomcat]
2019-02-04 11:36:07.702  INFO 12040 --- [main] org.apache.catalina.core.StandardEngine  : Starting Servlet engine: [Apache Tomcat/9.0.14]
2019-02-04 11:36:07.723  INFO 12040 --- [main] o.a.catalina.core.AprLifecycleListener   : The APR based Apache Tomcat Native library which allows optimal performance in production environments was not found on the java.library.path: [C:\Program Files\Java\jdk1.8.0_121\bin;C:\Windows\Sun\Java\bin;C:\Windows\system32;C:\Windows;C:/Program Files/Java/jdk1.8.0_121/bin/../jre/bin/server;C:/Program Files/Java/jdk1.8.0_121/bin/../jre/bin;C:/Program Files/Java/jdk1.8.0_121/bin/../jre/lib/amd64;C:\Perl64\site\bin;C:\Perl64\bin;C:\Program Files\Common Files\Microsoft Shared\Windows Live;C:\Program Files (x86)\Common Files\Microsoft Shared\Windows Live;C:\Program Files\Dell\DW WLAN Card;c:\Program Files (x86)\AMD APP\bin\x86_64;c:\Program Files (x86)\AMD APP\bin\x86;c:\Program Files (x86)\Intel\iCLS Client\;c:\Program Files\Intel\iCLS Client\;C:\Windows\system32;C:\Windows;C:\Windows\System32\Wbem;C:\Windows\System32\WindowsPowerShell\v1.0\;c:\Program Files (x86)\ATI Technologies\ATI.ACE\Core-Static;c:\Program Files\WIDCOMM\Bluetooth Software\;c:\Program Files\WIDCOMM\Bluetooth Software\syswow64;C:\Program Files (x86)\Windows Live\Shared;C:\Program Files (x86)\Java\jre7\bin;C:\Program Files (x86)\Quest Software\vWorkspace Client\pntsc.exe;C:\Program Files (x86)\Java\jre1.8.0_121\bin;C:\Program Files\nodejs\;C:\MinGW\bin;C:\openssl;C:\Perl64\bin;C:\NASM;C:\MinGW\msys\1.0\bin;C:\Program Files (x86)\sbt\bin;C:\WSO2\API Manager\2.5.0\\bin;C:\Program Files\Geth;C:\Program Files\Git\cmd;C:\HashiCorp\Vagrant\bin;C:\Program Files\Java\jre1.8.0_121;C:\Users\aherreros.ATSISTEMAS\AppData\Roaming\npm;C:\Program Files (x86)\Microsoft VS Code\bin;C:\Program Files\Java\jdk1.8.0_121\bin;C:\Herramientas\ApacheMaven\apache-maven-3.6.0\bin;C:\Cursos\Api Managment\Api Managment\Lab\curl-7.53.1\src;C:\MinGW\bin;C:\openssl;C:\Perl64\bin;C:\NASM;C:\Program Files\Mercurial;C:\MinGW\msys\1.0\bin;C:\Archivos de programa\geth;C:\Program Files\Docker Toolbox;C:\Herramientas\scala-SDK-4.5.0-vfinal-2.11-win32.win32.x86_64\eclipse;;.]
2019-02-04 11:36:07.906  INFO 12040 --- [main] o.a.c.c.C.[Tomcat].[localhost].[/]       : Initializing Spring embedded WebApplicationContext
2019-02-04 11:36:07.908  INFO 12040 --- [main] o.s.web.context.ContextLoader            : Root WebApplicationContext: initialization completed in 2798 ms
2019-02-04 11:36:08.097  WARN 12040 --- [main] c.n.c.sources.URLConfigurationSource     : No URLs will be polled as dynamic configuration sources.
2019-02-04 11:36:08.098  INFO 12040 --- [main] c.n.c.sources.URLConfigurationSource     : To enable URLs as dynamic configuration sources, define System property archaius.configurationSource.additionalUrls or make config.properties available on classpath.
2019-02-04 11:36:08.122  INFO 12040 --- [main] c.netflix.config.DynamicPropertyFactory  : DynamicPropertyFactory is initialized with configuration sources: com.netflix.config.ConcurrentCompositeConfiguration@2c7b960
2019-02-04 11:36:09.944  INFO 12040 --- [main] c.s.j.s.i.a.WebApplicationImpl           : Initiating Jersey application, version 'Jersey: 1.19.1 03/11/2016 02:08 PM'
2019-02-04 11:36:11.472  WARN 12040 --- [main] c.n.c.sources.URLConfigurationSource     : No URLs will be polled as dynamic configuration sources.
2019-02-04 11:36:11.475  INFO 12040 --- [main] c.n.c.sources.URLConfigurationSource     : To enable URLs as dynamic configuration sources, define System property archaius.configurationSource.additionalUrls or make config.properties available on classpath.
2019-02-04 11:36:11.718  INFO 12040 --- [main] o.s.s.concurrent.ThreadPoolTaskExecutor  : Initializing ExecutorService 'applicationTaskExecutor'
2019-02-04 11:36:13.375  INFO 12040 --- [main] o.s.c.n.eureka.InstanceInfoFactory       : Setting initial instance status as: STARTING
2019-02-04 11:36:16.237  INFO 12040 --- [main] c.n.eureka.DefaultEurekaServerContext    : Initializing ...
2019-02-04 11:36:16.243  INFO 12040 --- [main] c.n.eureka.cluster.PeerEurekaNodes       : Adding new peer nodes [http://localhost:8761/eureka/]
2019-02-04 11:36:16.390  INFO 12040 --- [main] c.n.eureka.cluster.PeerEurekaNodes       : Replica node URL:  http://localhost:8761/eureka/
2019-02-04 11:36:16.404  INFO 12040 --- [main] c.n.e.registry.AbstractInstanceRegistry  : Finished initializing remote region registries. All known remote regions: []
2019-02-04 11:36:16.405  INFO 12040 --- [main] c.n.eureka.DefaultEurekaServerContext    : Initialized
2019-02-04 11:36:16.423  INFO 12040 --- [main] o.s.b.a.e.web.EndpointLinksResolver      : Exposing 2 endpoint(s) beneath base path '/actuator'
2019-02-04 11:36:16.577  INFO 12040 --- [main] o.s.c.n.e.s.EurekaServiceRegistry        : Registering application EUREKASERVER with eureka with status UP
2019-02-04 11:36:16.595  INFO 12040 --- [Thread-14] o.s.c.n.e.server.EurekaServerBootstrap   : Setting the eureka configuration..
2019-02-04 11:36:16.598  INFO 12040 --- [Thread-14] o.s.c.n.e.server.EurekaServerBootstrap   : Eureka data center value eureka.datacenter is not set, defaulting to default
2019-02-04 11:36:16.599  INFO 12040 --- [Thread-14] o.s.c.n.e.server.EurekaServerBootstrap   : Eureka environment value eureka.environment is not set, defaulting to test
2019-02-04 11:36:16.645  INFO 12040 --- [Thread-14] o.s.c.n.e.server.EurekaServerBootstrap   : isAws returned false
2019-02-04 11:36:16.659  INFO 12040 --- [Thread-14] o.s.c.n.e.server.EurekaServerBootstrap   : Initialized server context
2019-02-04 11:36:16.695  INFO 12040 --- [main] o.s.b.w.embedded.tomcat.TomcatWebServer  : Tomcat started on port(s): 8761 (http) with context path ''
2019-02-04 11:36:16.699  INFO 12040 --- [main] .s.c.n.e.s.EurekaAutoServiceRegistration : Updating port to 8761
2019-02-04 11:36:16.702  INFO 12040 --- [main] c.b.c.m.eurekaServer.EurekaServerApp     : Started EurekaServerApp in 20.754 seconds (JVM running for 27.971)
2019-02-04 11:36:16.828  INFO 12040 --- [http-nio-8761-exec-3] o.a.c.c.C.[Tomcat].[localhost].[/]       : Initializing Spring DispatcherServlet 'dispatcherServlet'
2019-02-04 11:36:16.829  INFO 12040 --- [http-nio-8761-exec-3] o.s.web.servlet.DispatcherServlet        : Initializing Servlet 'dispatcherServlet'
2019-02-04 11:36:16.845  INFO 12040 --- [http-nio-8761-exec-3] o.s.web.servlet.DispatcherServlet        : Completed initialization in 15 ms
2019-02-04 11:36:16.959  INFO 12040 --- [http-nio-8761-exec-3] c.n.e.registry.AbstractInstanceRegistry  : Registered instance EUREKASERVER/ATAHERREROSP.atsistemas.lan:eurekaServer:8761 with status UP (replication=false)
2019-02-04 11:36:17.500  INFO 12040 --- [http-nio-8761-exec-2] c.n.e.registry.AbstractInstanceRegistry  : Registered instance EUREKASERVER/ATAHERREROSP.atsistemas.lan:eurekaServer:8761 with status UP (replication=true)
2019-02-04 11:36:46.682  INFO 12040 --- [Thread-14] c.n.e.registry.AbstractInstanceRegistry  : Registered instance EUREKASERVER/ATAHERREROSP.atsistemas.lan:eurekaServer:8761 with status UP (replication=true)
2019-02-04 11:36:46.683  INFO 12040 --- [Thread-14] c.n.e.r.PeerAwareInstanceRegistryImpl    : Got 1 instances from neighboring DS node
2019-02-04 11:36:46.684  INFO 12040 --- [Thread-14] c.n.e.r.PeerAwareInstanceRegistryImpl    : Renew threshold is: 1
2019-02-04 11:36:46.685  INFO 12040 --- [Thread-14] c.n.e.r.PeerAwareInstanceRegistryImpl    : Changing status to UP
2019-02-04 11:36:46.691  INFO 12040 --- [Thread-14] e.s.EurekaServerInitializerConfiguration : Started Eureka Server
2019-02-04 11:36:51.666  INFO 12040 --- [http-nio-8761-exec-1] c.n.e.registry.AbstractInstanceRegistry  : Registered instance EDGESERVICE/ATAHERREROSP.atsistemas.lan:EdgeService:8762 with status UP (replication=false)
2019-02-04 11:36:52.179  INFO 12040 --- [http-nio-8761-exec-7] c.n.e.registry.AbstractInstanceRegistry  : Registered instance EDGESERVICE/ATAHERREROSP.atsistemas.lan:EdgeService:8762 with status UP (replication=true)
2019-02-04 11:37:35.837  INFO 12040 --- [http-nio-8761-exec-10] c.n.e.registry.AbstractInstanceRegistry  : Registered instance TRACKING/ATAHERREROSP.atsistemas.lan:tracking:0 with status UP (replication=false)
2019-02-04 11:37:36.393  INFO 12040 --- [http-nio-8761-exec-9] c.n.e.registry.AbstractInstanceRegistry  : Registered instance TRACKING/ATAHERREROSP.atsistemas.lan:tracking:0 with status UP (replication=true)
2019-02-04 11:37:46.687  INFO 12040 --- [Eureka-EvictionTimer] c.n.e.registry.AbstractInstanceRegistry  : Running the evict task with compensationTime 0ms
2019-02-04 11:38:46.687  INFO 12040 --- [Eureka-EvictionTimer] c.n.e.registry.AbstractInstanceRegistry  : Running the evict task with compensationTime 0ms
2019-02-04 11:39:46.688  INFO 12040 --- [Eureka-EvictionTimer] c.n.e.registry.AbstractInstanceRegistry  : Running the evict task with compensationTime 0ms
2019-02-04 11:40:46.688  INFO 12040 --- [Eureka-EvictionTimer] c.n.e.registry.AbstractInstanceRegistry  : Running the evict task with compensationTime 0ms
2019-02-04 11:40:59.719  INFO 12040 --- [http-nio-8761-exec-1] c.n.e.registry.AbstractInstanceRegistry  : Registered instance EDGESERVICE/ATAHERREROSP.atsistemas.lan:EdgeService:8762 with status UP (replication=false)
2019-02-04 11:41:00.246  INFO 12040 --- [http-nio-8761-exec-7] c.n.e.registry.AbstractInstanceRegistry  : Registered instance EDGESERVICE/ATAHERREROSP.atsistemas.lan:EdgeService:8762 with status UP (replication=true)
2019-02-04 11:41:46.688  INFO 12040 --- [Eureka-EvictionTimer] c.n.e.registry.AbstractInstanceRegistry  : Running the evict task with compensationTime 0ms
2019-02-04 11:42:46.689  INFO 12040 --- [Eureka-EvictionTimer] c.n.e.registry.AbstractInstanceRegistry  : Running the evict task with compensationTime 0ms
2019-02-04 11:43:46.689  INFO 12040 --- [Eureka-EvictionTimer] c.n.e.registry.AbstractInstanceRegistry  : Running the evict task with compensationTime 0ms
2019-02-04 11:44:46.690  INFO 12040 --- [Eureka-EvictionTimer] c.n.e.registry.AbstractInstanceRegistry  : Running the evict task with compensationTime 0ms
2019-02-04 11:45:46.690  INFO 12040 --- [Eureka-EvictionTimer] c.n.e.registry.AbstractInstanceRegistry  : Running the evict task with compensationTime 0ms
2019-02-04 11:46:46.691  INFO 12040 --- [Eureka-EvictionTimer] c.n.e.registry.AbstractInstanceRegistry  : Running the evict task with compensationTime 0ms
2019-02-04 11:47:46.691  INFO 12040 --- [Eureka-EvictionTimer] c.n.e.registry.AbstractInstanceRegistry  : Running the evict task with compensationTime 0ms
2019-02-04 11:48:46.691  INFO 12040 --- [Eureka-EvictionTimer] c.n.e.registry.AbstractInstanceRegistry  : Running the evict task with compensationTime 0ms
2019-02-04 11:49:46.692  INFO 12040 --- [Eureka-EvictionTimer] c.n.e.registry.AbstractInstanceRegistry  : Running the evict task with compensationTime 0ms
2019-02-04 11:50:46.692  INFO 12040 --- [Eureka-EvictionTimer] c.n.e.registry.AbstractInstanceRegistry  : Running the evict task with compensationTime 0ms
2019-02-04 11:51:16.406  INFO 12040 --- [ReplicaAwareInstanceRegistry - RenewalThresholdUpdater] c.n.e.r.PeerAwareInstanceRegistryImpl    : Current renewal threshold is : 5
2019-02-04 11:51:46.693  INFO 12040 --- [Eureka-EvictionTimer] c.n.e.registry.AbstractInstanceRegistry  : Running the evict task with compensationTime 0ms
2019-02-04 11:52:46.693  INFO 12040 --- [Eureka-EvictionTimer] c.n.e.registry.AbstractInstanceRegistry  : Running the evict task with compensationTime 0ms
2019-02-04 11:53:46.694  INFO 12040 --- [Eureka-EvictionTimer] c.n.e.registry.AbstractInstanceRegistry  : Running the evict task with compensationTime 0ms
2019-02-04 11:54:46.694  INFO 12040 --- [Eureka-EvictionTimer] c.n.e.registry.AbstractInstanceRegistry  : Running the evict task with compensationTime 0ms
2019-02-04 11:55:46.694  INFO 12040 --- [Eureka-EvictionTimer] c.n.e.registry.AbstractInstanceRegistry  : Running the evict task with compensationTime 0ms
2019-02-04 11:56:46.695  INFO 12040 --- [Eureka-EvictionTimer] c.n.e.registry.AbstractInstanceRegistry  : Running the evict task with compensationTime 0ms
2019-02-04 11:57:46.695  INFO 12040 --- [Eureka-EvictionTimer] c.n.e.registry.AbstractInstanceRegistry  : Running the evict task with compensationTime 0ms
2019-02-04 11:58:46.696  INFO 12040 --- [Eureka-EvictionTimer] c.n.e.registry.AbstractInstanceRegistry  : Running the evict task with compensationTime 0ms
2019-02-04 11:59:46.696  INFO 12040 --- [Eureka-EvictionTimer] c.n.e.registry.AbstractInstanceRegistry  : Running the evict task with compensationTime 0ms
2019-02-04 12:00:46.697  INFO 12040 --- [Eureka-EvictionTimer] c.n.e.registry.AbstractInstanceRegistry  : Running the evict task with compensationTime 0ms
2019-02-04 12:01:46.697  INFO 12040 --- [Eureka-EvictionTimer] c.n.e.registry.AbstractInstanceRegistry  : Running the evict task with compensationTime 0ms
2019-02-04 12:02:46.697  INFO 12040 --- [Eureka-EvictionTimer] c.n.e.registry.AbstractInstanceRegistry  : Running the evict task with compensationTime 0ms
2019-02-04 12:03:46.698  INFO 12040 --- [Eureka-EvictionTimer] c.n.e.registry.AbstractInstanceRegistry  : Running the evict task with compensationTime 0ms
2019-02-04 12:04:46.698  INFO 12040 --- [Eureka-EvictionTimer] c.n.e.registry.AbstractInstanceRegistry  : Running the evict task with compensationTime 0ms
2019-02-04 12:05:46.698  INFO 12040 --- [Eureka-EvictionTimer] c.n.e.registry.AbstractInstanceRegistry  : Running the evict task with compensationTime 0ms
2019-02-04 12:06:16.405  INFO 12040 --- [ReplicaAwareInstanceRegistry - RenewalThresholdUpdater] c.n.e.r.PeerAwareInstanceRegistryImpl    : Current renewal threshold is : 5
2019-02-04 12:06:46.699  INFO 12040 --- [Eureka-EvictionTimer] c.n.e.registry.AbstractInstanceRegistry  : Running the evict task with compensationTime 0ms
2019-02-04 12:07:46.699  INFO 12040 --- [Eureka-EvictionTimer] c.n.e.registry.AbstractInstanceRegistry  : Running the evict task with compensationTime 0ms
2019-02-04 12:08:46.700  INFO 12040 --- [Eureka-EvictionTimer] c.n.e.registry.AbstractInstanceRegistry  : Running the evict task with compensationTime 0ms
2019-02-04 12:09:46.700  INFO 12040 --- [Eureka-EvictionTimer] c.n.e.registry.AbstractInstanceRegistry  : Running the evict task with compensationTime 0ms
2019-02-04 12:10:46.701  INFO 12040 --- [Eureka-EvictionTimer] c.n.e.registry.AbstractInstanceRegistry  : Running the evict task with compensationTime 0ms
2019-02-04 12:11:46.701  INFO 12040 --- [Eureka-EvictionTimer] c.n.e.registry.AbstractInstanceRegistry  : Running the evict task with compensationTime 0ms
2019-02-04 12:12:46.701  INFO 12040 --- [Eureka-EvictionTimer] c.n.e.registry.AbstractInstanceRegistry  : Running the evict task with compensationTime 0ms
2019-02-04 12:13:46.702  INFO 12040 --- [Eureka-EvictionTimer] c.n.e.registry.AbstractInstanceRegistry  : Running the evict task with compensationTime 0ms
2019-02-04 12:14:46.703  INFO 12040 --- [Eureka-EvictionTimer] c.n.e.registry.AbstractInstanceRegistry  : Running the evict task with compensationTime 0ms
2019-02-04 12:15:46.704  INFO 12040 --- [Eureka-EvictionTimer] c.n.e.registry.AbstractInstanceRegistry  : Running the evict task with compensationTime 0ms
2019-02-04 12:16:46.704  INFO 12040 --- [Eureka-EvictionTimer] c.n.e.registry.AbstractInstanceRegistry  : Running the evict task with compensationTime 0ms
2019-02-04 12:17:46.705  INFO 12040 --- [Eureka-EvictionTimer] c.n.e.registry.AbstractInstanceRegistry  : Running the evict task with compensationTime 0ms
2019-02-04 12:18:46.705  INFO 12040 --- [Eureka-EvictionTimer] c.n.e.registry.AbstractInstanceRegistry  : Running the evict task with compensationTime 0ms
2019-02-04 12:19:46.706  INFO 12040 --- [Eureka-EvictionTimer] c.n.e.registry.AbstractInstanceRegistry  : Running the evict task with compensationTime 0ms
2019-02-04 12:20:46.706  INFO 12040 --- [Eureka-EvictionTimer] c.n.e.registry.AbstractInstanceRegistry  : Running the evict task with compensationTime 0ms
2019-02-04 12:21:16.406  INFO 12040 --- [ReplicaAwareInstanceRegistry - RenewalThresholdUpdater] c.n.e.r.PeerAwareInstanceRegistryImpl    : Current renewal threshold is : 5
2019-02-04 12:21:46.706  INFO 12040 --- [Eureka-EvictionTimer] c.n.e.registry.AbstractInstanceRegistry  : Running the evict task with compensationTime 0ms
2019-02-04 12:22:46.707  INFO 12040 --- [Eureka-EvictionTimer] c.n.e.registry.AbstractInstanceRegistry  : Running the evict task with compensationTime 0ms
2019-02-04 12:23:46.707  INFO 12040 --- [Eureka-EvictionTimer] c.n.e.registry.AbstractInstanceRegistry  : Running the evict task with compensationTime 0ms
2019-02-04 12:24:46.708  INFO 12040 --- [Eureka-EvictionTimer] c.n.e.registry.AbstractInstanceRegistry  : Running the evict task with compensationTime 0ms
2019-02-04 12:25:46.708  INFO 12040 --- [Eureka-EvictionTimer] c.n.e.registry.AbstractInstanceRegistry  : Running the evict task with compensationTime 0ms
2019-02-04 12:26:46.709  INFO 12040 --- [Eureka-EvictionTimer] c.n.e.registry.AbstractInstanceRegistry  : Running the evict task with compensationTime 0ms
2019-02-04 12:27:46.709  INFO 12040 --- [Eureka-EvictionTimer] c.n.e.registry.AbstractInstanceRegistry  : Running the evict task with compensationTime 0ms
2019-02-04 12:28:46.709  INFO 12040 --- [Eureka-EvictionTimer] c.n.e.registry.AbstractInstanceRegistry  : Running the evict task with compensationTime 0ms
2019-02-04 12:29:46.710  INFO 12040 --- [Eureka-EvictionTimer] c.n.e.registry.AbstractInstanceRegistry  : Running the evict task with compensationTime 0ms
2019-02-04 12:30:46.710  INFO 12040 --- [Eureka-EvictionTimer] c.n.e.registry.AbstractInstanceRegistry  : Running the evict task with compensationTime 0ms
2019-02-04 12:31:46.711  INFO 12040 --- [Eureka-EvictionTimer] c.n.e.registry.AbstractInstanceRegistry  : Running the evict task with compensationTime 0ms
2019-02-04 12:32:46.711  INFO 12040 --- [Eureka-EvictionTimer] c.n.e.registry.AbstractInstanceRegistry  : Running the evict task with compensationTime 0ms
2019-02-04 12:33:46.712  INFO 12040 --- [Eureka-EvictionTimer] c.n.e.registry.AbstractInstanceRegistry  : Running the evict task with compensationTime 0ms
2019-02-04 12:34:46.712  INFO 12040 --- [Eureka-EvictionTimer] c.n.e.registry.AbstractInstanceRegistry  : Running the evict task with compensationTime 0ms
2019-02-04 12:35:46.712  INFO 12040 --- [Eureka-EvictionTimer] c.n.e.registry.AbstractInstanceRegistry  : Running the evict task with compensationTime 0ms
2019-02-04 12:36:16.406  INFO 12040 --- [ReplicaAwareInstanceRegistry - RenewalThresholdUpdater] c.n.e.r.PeerAwareInstanceRegistryImpl    : Current renewal threshold is : 5
2019-02-04 12:36:46.713  INFO 12040 --- [Eureka-EvictionTimer] c.n.e.registry.AbstractInstanceRegistry  : Running the evict task with compensationTime 0ms
2019-02-04 12:37:46.713  INFO 12040 --- [Eureka-EvictionTimer] c.n.e.registry.AbstractInstanceRegistry  : Running the evict task with compensationTime 0ms
2019-02-04 12:38:46.714  INFO 12040 --- [Eureka-EvictionTimer] c.n.e.registry.AbstractInstanceRegistry  : Running the evict task with compensationTime 0ms
2019-02-04 12:39:46.714  INFO 12040 --- [Eureka-EvictionTimer] c.n.e.registry.AbstractInstanceRegistry  : Running the evict task with compensationTime 0ms
2019-02-04 12:40:46.715  INFO 12040 --- [Eureka-EvictionTimer] c.n.e.registry.AbstractInstanceRegistry  : Running the evict task with compensationTime 0ms
2019-02-04 12:41:46.717  INFO 12040 --- [Eureka-EvictionTimer] c.n.e.registry.AbstractInstanceRegistry  : Running the evict task with compensationTime 2ms
2019-02-04 12:42:46.717  INFO 12040 --- [Eureka-EvictionTimer] c.n.e.registry.AbstractInstanceRegistry  : Running the evict task with compensationTime 0ms
2019-02-04 12:43:46.718  INFO 12040 --- [Eureka-EvictionTimer] c.n.e.registry.AbstractInstanceRegistry  : Running the evict task with compensationTime 0ms
2019-02-04 12:44:46.718  INFO 12040 --- [Eureka-EvictionTimer] c.n.e.registry.AbstractInstanceRegistry  : Running the evict task with compensationTime 0ms
2019-02-04 12:45:46.719  INFO 12040 --- [Eureka-EvictionTimer] c.n.e.registry.AbstractInstanceRegistry  : Running the evict task with compensationTime 0ms
2019-02-04 12:46:46.720  INFO 12040 --- [Eureka-EvictionTimer] c.n.e.registry.AbstractInstanceRegistry  : Running the evict task with compensationTime 0ms
2019-02-04 12:47:46.721  INFO 12040 --- [Eureka-EvictionTimer] c.n.e.registry.AbstractInstanceRegistry  : Running the evict task with compensationTime 0ms
2019-02-04 12:48:46.721  INFO 12040 --- [Eureka-EvictionTimer] c.n.e.registry.AbstractInstanceRegistry  : Running the evict task with compensationTime 0ms
2019-02-04 12:49:46.721  INFO 12040 --- [Eureka-EvictionTimer] c.n.e.registry.AbstractInstanceRegistry  : Running the evict task with compensationTime 0ms
2019-02-04 12:50:46.722  INFO 12040 --- [Eureka-EvictionTimer] c.n.e.registry.AbstractInstanceRegistry  : Running the evict task with compensationTime 0ms
2019-02-04 12:51:16.407  INFO 12040 --- [ReplicaAwareInstanceRegistry - RenewalThresholdUpdater] c.n.e.r.PeerAwareInstanceRegistryImpl    : Current renewal threshold is : 5
2019-02-04 12:51:46.722  INFO 12040 --- [Eureka-EvictionTimer] c.n.e.registry.AbstractInstanceRegistry  : Running the evict task with compensationTime 0ms
2019-02-04 12:52:46.723  INFO 12040 --- [Eureka-EvictionTimer] c.n.e.registry.AbstractInstanceRegistry  : Running the evict task with compensationTime 0ms
2019-02-04 12:53:46.723  INFO 12040 --- [Eureka-EvictionTimer] c.n.e.registry.AbstractInstanceRegistry  : Running the evict task with compensationTime 0ms
2019-02-04 12:54:46.724  INFO 12040 --- [Eureka-EvictionTimer] c.n.e.registry.AbstractInstanceRegistry  : Running the evict task with compensationTime 0ms
2019-02-04 12:55:46.724  INFO 12040 --- [Eureka-EvictionTimer] c.n.e.registry.AbstractInstanceRegistry  : Running the evict task with compensationTime 0ms
2019-02-04 12:56:46.724  INFO 12040 --- [Eureka-EvictionTimer] c.n.e.registry.AbstractInstanceRegistry  : Running the evict task with compensationTime 0ms
2019-02-04 12:57:46.725  INFO 12040 --- [Eureka-EvictionTimer] c.n.e.registry.AbstractInstanceRegistry  : Running the evict task with compensationTime 0ms
2019-02-04 12:58:46.725  INFO 12040 --- [Eureka-EvictionTimer] c.n.e.registry.AbstractInstanceRegistry  : Running the evict task with compensationTime 0ms
2019-02-04 12:59:46.726  INFO 12040 --- [Eureka-EvictionTimer] c.n.e.registry.AbstractInstanceRegistry  : Running the evict task with compensationTime 0ms
2019-02-04 13:00:46.726  INFO 12040 --- [Eureka-EvictionTimer] c.n.e.registry.AbstractInstanceRegistry  : Running the evict task with compensationTime 0ms
2019-02-04 13:01:46.727  INFO 12040 --- [Eureka-EvictionTimer] c.n.e.registry.AbstractInstanceRegistry  : Running the evict task with compensationTime 0ms
2019-02-04 13:02:46.727  INFO 12040 --- [Eureka-EvictionTimer] c.n.e.registry.AbstractInstanceRegistry  : Running the evict task with compensationTime 0ms
2019-02-04 13:03:46.728  INFO 12040 --- [Eureka-EvictionTimer] c.n.e.registry.AbstractInstanceRegistry  : Running the evict task with compensationTime 0ms
2019-02-04 13:04:46.728  INFO 12040 --- [Eureka-EvictionTimer] c.n.e.registry.AbstractInstanceRegistry  : Running the evict task with compensationTime 0ms
2019-02-04 13:05:46.730  INFO 12040 --- [Eureka-EvictionTimer] c.n.e.registry.AbstractInstanceRegistry  : Running the evict task with compensationTime 1ms
2019-02-04 13:06:16.407  INFO 12040 --- [ReplicaAwareInstanceRegistry - RenewalThresholdUpdater] c.n.e.r.PeerAwareInstanceRegistryImpl    : Current renewal threshold is : 5
2019-02-04 13:06:46.731  INFO 12040 --- [Eureka-EvictionTimer] c.n.e.registry.AbstractInstanceRegistry  : Running the evict task with compensationTime 0ms
2019-02-04 13:07:46.731  INFO 12040 --- [Eureka-EvictionTimer] c.n.e.registry.AbstractInstanceRegistry  : Running the evict task with compensationTime 0ms
2019-02-04 13:08:46.732  INFO 12040 --- [Eureka-EvictionTimer] c.n.e.registry.AbstractInstanceRegistry  : Running the evict task with compensationTime 0ms
2019-02-04 13:09:46.732  INFO 12040 --- [Eureka-EvictionTimer] c.n.e.registry.AbstractInstanceRegistry  : Running the evict task with compensationTime 0ms
2019-02-04 13:10:46.733  INFO 12040 --- [Eureka-EvictionTimer] c.n.e.registry.AbstractInstanceRegistry  : Running the evict task with compensationTime 0ms
2019-02-04 13:11:46.733  INFO 12040 --- [Eureka-EvictionTimer] c.n.e.registry.AbstractInstanceRegistry  : Running the evict task with compensationTime 0ms
